<?xml version="1.0" encoding="UTF-8"?>
<!-- Generated by org.testng.reporters.JUnitXMLReporter -->
<testsuite hostname="C02PK9CVFVH5" name="All Mobile Tests" tests="1" failures="1" timestamp="7 May 2018 20:30:17 GMT" time="86.301" errors="0">
  <testcase name="previewAndroidTest" time="73.725" classname="com.viacom.test.vimn.uitests.tests.homescreen.PreviewTest">
    <failure type="java.lang.AssertionError" message="Element not visible after 0 flicks">
      <![CDATA[java.lang.AssertionError: Element not visible after 0 flicks
	at com.viacom.test.vimn.common.util.Interact.waitForCarouselFlickedRightTo(Interact.java:295)
	at com.viacom.test.vimn.uitests.pageobjects.Home.flickRightToSeriesThumb(Home.java:188)
	at com.viacom.test.vimn.uitests.pageobjects.Home.verifySeriesDescriptionTxtIsVisible(Home.java:239)
	at com.viacom.test.vimn.uitests.tests.homescreen.PreviewTest.previewAndroidTest(PreviewTest.java:72)
	at java.util.concurrent.ThreadPoolExecutor.runWorker(ThreadPoolExecutor.java:1142)
	at java.util.concurrent.ThreadPoolExecutor$Worker.run(ThreadPoolExecutor.java:617)
	at java.lang.Thread.run(Thread.java:745)
... Removed 11 stack frames]]>
    </failure>
  </testcase> <!-- previewAndroidTest -->
</testsuite> <!-- All Mobile Tests -->
