<?xml version="1.0" encoding="UTF-8"?>
<testng-results skipped="0" failed="1" total="1" passed="0">
  <reporter-output>
    <line>
      <![CDATA[Locale Country Name : Germany]]>
    </line>
    <line>
      <![CDATA[Rewriting request from testing.api.playplex.viacom.vmn.io to api.playplex.viacom.com]]>
    </line>
    <line>
      <![CDATA[Starting proxy instance on 'localhost' on port '8888' on server '15001'.]]>
    </line>
    <line>
      <![CDATA[testid: previewandroidtest (android phone)]]>
    </line>
    <line>
      <![CDATA[========NEW TEST SESSION========]]>
    </line>
    <line>
      <![CDATA[Mobile OS: ANDROID]]>
    </line>
    <line>
      <![CDATA[Device Category: PHONE]]>
    </line>
    <line>
      <![CDATA[Pause for '15000' milliseconds.]]>
    </line>
    <line>
      <![CDATA[Is the 'Splash Image' element present: false]]>
    </line>
    <line>
      <![CDATA[Alert not present]]>
    </line>
    <line>
      <![CDATA[Is the 'Splash Image' element present: false]]>
    </line>
    <line>
      <![CDATA[Alert not present]]>
    </line>
    <line>
      <![CDATA[Is the 'In Contempt Series Thumb Button' element visible: false]]>
    </line>
    <line>
      <![CDATA[Is the 'In Contempt Series Title' element visible: false]]>
    </line>
    <line>
      <![CDATA[Stopping proxy instance on port '8888' on proxy server with port '15001'.]]>
    </line>
  </reporter-output>
  <suite name="VIMN Test Suite" duration-ms="86301" started-at="2018-05-07T20:28:37Z" finished-at="2018-05-07T20:30:03Z">
    <groups>
      <group name="Smoke">
        <method signature="PreviewTest.previewAndroidTest()[pri:0, instance:com.viacom.test.vimn.uitests.tests.homescreen.PreviewTest@7b24d5e4]" name="previewAndroidTest" class="com.viacom.test.vimn.uitests.tests.homescreen.PreviewTest"/>
      </group> <!-- Smoke -->
      <group name="Debug">
        <method signature="PreviewTest.previewAndroidTest()[pri:0, instance:com.viacom.test.vimn.uitests.tests.homescreen.PreviewTest@7b24d5e4]" name="previewAndroidTest" class="com.viacom.test.vimn.uitests.tests.homescreen.PreviewTest"/>
      </group> <!-- Debug -->
      <group name="HomeScreen">
        <method signature="PreviewTest.previewAndroidTest()[pri:0, instance:com.viacom.test.vimn.uitests.tests.homescreen.PreviewTest@7b24d5e4]" name="previewAndroidTest" class="com.viacom.test.vimn.uitests.tests.homescreen.PreviewTest"/>
      </group> <!-- HomeScreen -->
    </groups>
    <test name="All Mobile Tests" duration-ms="86301" started-at="2018-05-07T20:28:37Z" finished-at="2018-05-07T20:30:03Z">
      <class name="com.viacom.test.vimn.uitests.tests.homescreen.PreviewTest">
        <test-method status="PASS" signature="initTest()[pri:0, instance:com.viacom.test.vimn.uitests.tests.homescreen.PreviewTest@7b24d5e4]" name="initTest" is-config="true" duration-ms="3093" started-at="2018-05-07T16:28:37Z" finished-at="2018-05-07T16:28:40Z">
          <reporter-output>
          </reporter-output>
        </test-method> <!-- initTest -->
        <test-method status="PASS" signature="setupTest()[pri:0, instance:com.viacom.test.vimn.uitests.tests.homescreen.PreviewTest@7b24d5e4]" name="setupTest" is-config="true" duration-ms="415" started-at="2018-05-07T16:28:40Z" finished-at="2018-05-07T16:28:41Z">
          <reporter-output>
          </reporter-output>
        </test-method> <!-- setupTest -->
        <test-method status="FAIL" signature="previewAndroidTest()[pri:0, instance:com.viacom.test.vimn.uitests.tests.homescreen.PreviewTest@7b24d5e4]" name="previewAndroidTest" duration-ms="73725" started-at="2018-05-07T16:28:41Z" finished-at="2018-05-07T16:29:54Z">
          <exception class="java.lang.AssertionError">
            <message>
              <![CDATA[Element not visible after 0 flicks]]>
            </message>
            <full-stacktrace>
              <![CDATA[java.lang.AssertionError: Element not visible after 0 flicks
	at org.testng.Assert.fail(Assert.java:94)
	at com.viacom.test.vimn.common.util.Interact.waitForCarouselFlickedRightTo(Interact.java:295)
	at com.viacom.test.vimn.uitests.pageobjects.Home.flickRightToSeriesThumb(Home.java:188)
	at com.viacom.test.vimn.uitests.pageobjects.Home.verifySeriesDescriptionTxtIsVisible(Home.java:239)
	at com.viacom.test.vimn.uitests.tests.homescreen.PreviewTest.previewAndroidTest(PreviewTest.java:72)
	at sun.reflect.NativeMethodAccessorImpl.invoke0(Native Method)
	at sun.reflect.NativeMethodAccessorImpl.invoke(NativeMethodAccessorImpl.java:62)
	at sun.reflect.DelegatingMethodAccessorImpl.invoke(DelegatingMethodAccessorImpl.java:43)
	at java.lang.reflect.Method.invoke(Method.java:498)
	at org.testng.internal.MethodInvocationHelper.invokeMethod(MethodInvocationHelper.java:86)
	at org.testng.internal.Invoker.invokeMethod(Invoker.java:643)
	at org.testng.internal.Invoker.invokeTestMethod(Invoker.java:820)
	at org.testng.internal.Invoker.invokeTestMethods(Invoker.java:1128)
	at org.testng.internal.TestMethodWorker.invokeTestMethods(TestMethodWorker.java:129)
	at org.testng.internal.TestMethodWorker.run(TestMethodWorker.java:112)
	at java.util.concurrent.ThreadPoolExecutor.runWorker(ThreadPoolExecutor.java:1142)
	at java.util.concurrent.ThreadPoolExecutor$Worker.run(ThreadPoolExecutor.java:617)
	at java.lang.Thread.run(Thread.java:745)
]]>
            </full-stacktrace>
          </exception> <!-- java.lang.AssertionError -->
          <reporter-output>
            <line>
              <![CDATA[Pause for '15000' milliseconds.]]>
            </line>
            <line>
              <![CDATA[Is the 'Splash Image' element present: false]]>
            </line>
            <line>
              <![CDATA[Alert not present]]>
            </line>
            <line>
              <![CDATA[Is the 'Splash Image' element present: false]]>
            </line>
            <line>
              <![CDATA[Alert not present]]>
            </line>
            <line>
              <![CDATA[Is the 'In Contempt Series Thumb Button' element visible: false]]>
            </line>
            <line>
              <![CDATA[Is the 'In Contempt Series Title' element visible: false]]>
            </line>
            <line>
              <![CDATA[Stopping proxy instance on port '8888' on proxy server with port '15001'.]]>
            </line>
          </reporter-output>
        </test-method> <!-- previewAndroidTest -->
      </class> <!-- com.viacom.test.vimn.uitests.tests.homescreen.PreviewTest -->
    </test> <!-- All Mobile Tests -->
  </suite> <!-- VIMN Test Suite -->
</testng-results>
